<?xml version="1.0" encoding="UTF-8"?>
<coverage generated="1613653419133" clover="3.2.0">
  <project timestamp="1613653419133" name="All files">
    <metrics statements="74" coveredstatements="25" conditionals="23" coveredconditionals="0" methods="27" coveredmethods="2" elements="124" coveredelements="27" complexity="0" loc="74" ncloc="74" packages="4" files="7" classes="7"/>
    <package name="src">
      <metrics statements="13" coveredstatements="7" conditionals="4" coveredconditionals="0" methods="5" coveredmethods="0"/>
      <file name="App.vue" path="C:\Projetos\vuejs\todolist-vue\src\App.vue">
        <metrics statements="2" coveredstatements="1" conditionals="0" coveredconditionals="0" methods="1" coveredmethods="0"/>
        <line num="11" count="1" type="stmt"/>
        <line num="18" count="0" type="stmt"/>
      </file>
      <file name="helpers.js" path="C:\Projetos\vuejs\todolist-vue\src\helpers.js">
        <metrics statements="11" coveredstatements="6" conditionals="4" coveredconditionals="0" methods="4" coveredmethods="0"/>
        <line num="1" count="3" type="stmt"/>
        <line num="2" count="0" type="stmt"/>
        <line num="3" count="0" type="stmt"/>
        <line num="6" count="3" type="stmt"/>
        <line num="7" count="3" type="stmt"/>
        <line num="9" count="3" type="stmt"/>
        <line num="16" count="3" type="stmt"/>
        <line num="49" count="3" type="stmt"/>
        <line num="50" count="0" type="cond" truecount="0" falsecount="2"/>
        <line num="51" count="0" type="cond" truecount="0" falsecount="2"/>
        <line num="52" count="0" type="stmt"/>
      </file>
    </package>
    <package name="src.components.shared">
      <metrics statements="26" coveredstatements="5" conditionals="10" coveredconditionals="0" methods="10" coveredmethods="0"/>
      <file name="Header.vue" path="C:\Projetos\vuejs\todolist-vue\src\components\shared\Header.vue">
        <metrics statements="2" coveredstatements="2" conditionals="0" coveredconditionals="0" methods="0" coveredmethods="0"/>
        <line num="32" count="1" type="stmt"/>
        <line num="34" count="1" type="stmt"/>
      </file>
      <file name="Input.vue" path="C:\Projetos\vuejs\todolist-vue\src\components\shared\Input.vue">
        <metrics statements="24" coveredstatements="3" conditionals="10" coveredconditionals="0" methods="10" coveredmethods="0"/>
        <line num="10" count="1" type="stmt"/>
        <line num="12" count="1" type="stmt"/>
        <line num="14" count="1" type="stmt"/>
        <line num="26" count="0" type="stmt"/>
        <line num="27" count="0" type="stmt"/>
        <line num="30" count="0" type="cond" truecount="0" falsecount="4"/>
        <line num="31" count="0" type="stmt"/>
        <line num="32" count="0" type="stmt"/>
        <line num="33" count="0" type="stmt"/>
        <line num="39" count="0" type="stmt"/>
        <line num="43" count="0" type="stmt"/>
        <line num="44" count="0" type="stmt"/>
        <line num="45" count="0" type="stmt"/>
        <line num="47" count="0" type="stmt"/>
        <line num="48" count="0" type="stmt"/>
        <line num="61" count="0" type="stmt"/>
        <line num="62" count="0" type="cond" truecount="0" falsecount="2"/>
        <line num="63" count="0" type="stmt"/>
        <line num="65" count="0" type="stmt"/>
        <line num="67" count="0" type="cond" truecount="0" falsecount="2"/>
        <line num="68" count="0" type="stmt"/>
        <line num="69" count="0" type="stmt"/>
        <line num="71" count="0" type="stmt"/>
        <line num="77" count="0" type="cond" truecount="0" falsecount="2"/>
      </file>
    </package>
    <package name="src.services">
      <metrics statements="17" coveredstatements="5" conditionals="3" coveredconditionals="0" methods="10" coveredmethods="1"/>
      <file name="auth.js" path="C:\Projetos\vuejs\todolist-vue\src\services\auth.js">
        <metrics statements="5" coveredstatements="2" conditionals="0" coveredconditionals="0" methods="4" coveredmethods="1"/>
        <line num="3" count="2" type="stmt"/>
        <line num="7" count="0" type="stmt"/>
        <line num="11" count="0" type="stmt"/>
        <line num="15" count="4" type="stmt"/>
        <line num="18" count="0" type="stmt"/>
      </file>
      <file name="index.js" path="C:\Projetos\vuejs\todolist-vue\src\services\index.js">
        <metrics statements="12" coveredstatements="3" conditionals="3" coveredconditionals="0" methods="6" coveredmethods="0"/>
        <line num="5" count="2" type="stmt"/>
        <line num="9" count="2" type="stmt"/>
        <line num="11" count="0" type="stmt"/>
        <line num="12" count="0" type="cond" truecount="0" falsecount="2"/>
        <line num="13" count="0" type="stmt"/>
        <line num="16" count="0" type="stmt"/>
        <line num="19" count="0" type="stmt"/>
        <line num="23" count="2" type="stmt"/>
        <line num="25" count="0" type="stmt"/>
        <line num="33" count="0" type="stmt"/>
        <line num="36" count="0" type="stmt"/>
        <line num="39" count="0" type="stmt"/>
      </file>
    </package>
    <package name="src.views">
      <metrics statements="18" coveredstatements="8" conditionals="6" coveredconditionals="0" methods="2" coveredmethods="1"/>
      <file name="Login.vue" path="C:\Projetos\vuejs\todolist-vue\src\views\Login.vue">
        <metrics statements="18" coveredstatements="8" conditionals="6" coveredconditionals="0" methods="2" coveredmethods="1"/>
        <line num="15" count="1" type="stmt"/>
        <line num="16" count="1" type="stmt"/>
        <line num="17" count="1" type="stmt"/>
        <line num="18" count="1" type="stmt"/>
        <line num="19" count="1" type="stmt"/>
        <line num="20" count="1" type="stmt"/>
        <line num="21" count="1" type="stmt"/>
        <line num="29" count="1" type="stmt"/>
        <line num="45" count="0" type="cond" truecount="0" falsecount="6"/>
        <line num="47" count="0" type="stmt"/>
        <line num="48" count="0" type="stmt"/>
        <line num="53" count="0" type="stmt"/>
        <line num="55" count="0" type="stmt"/>
        <line num="56" count="0" type="stmt"/>
        <line num="57" count="0" type="stmt"/>
        <line num="59" count="0" type="stmt"/>
        <line num="62" count="0" type="stmt"/>
        <line num="65" count="0" type="stmt"/>
      </file>
    </package>
  </project>
</coverage>
