TN:
SF:src\App.vue
FN:17,beforeMount
FNF:1
FNH:0
FNDA:0,beforeMount
DA:11,1
DA:18,0
LF:2
LH:1
BRF:0
BRH:0
end_of_record
TN:
SF:src\helpers.js
FN:1,(anonymous_0)
FN:6,(anonymous_1)
FN:7,(anonymous_2)
FN:49,(anonymous_3)
FNF:4
FNH:0
FNDA:0,(anonymous_0)
FNDA:0,(anonymous_1)
FNDA:0,(anonymous_2)
FNDA:0,(anonymous_3)
DA:1,3
DA:2,0
DA:3,0
DA:6,3
DA:7,3
DA:9,3
DA:16,3
DA:49,3
DA:50,0
DA:51,0
DA:52,0
LF:11
LH:6
BRDA:50,0,0,0
BRDA:50,0,1,0
BRDA:51,1,0,0
BRDA:51,1,1,0
BRF:4
BRH:0
end_of_record
TN:
SF:src\components\shared\Header.vue
FNF:0
FNH:0
DA:32,1
DA:34,1
LF:2
LH:2
BRF:0
BRH:0
end_of_record
TN:
SF:src\components\shared\Input.vue
FN:25,update
FN:29,validate
FN:38,data
FN:43,required
FN:44,min
FN:45,max
FN:46,email
FN:61,errors
FN:65,(anonymous_9)
FN:76,invalid
FNF:10
FNH:0
FNDA:0,update
FNDA:0,validate
FNDA:0,data
FNDA:0,required
FNDA:0,min
FNDA:0,max
FNDA:0,email
FNDA:0,errors
FNDA:0,(anonymous_9)
FNDA:0,invalid
DA:10,1
DA:12,1
DA:14,1
DA:26,0
DA:27,0
DA:30,0
DA:31,0
DA:32,0
DA:33,0
DA:39,0
DA:43,0
DA:44,0
DA:45,0
DA:47,0
DA:48,0
DA:61,0
DA:62,0
DA:63,0
DA:65,0
DA:67,0
DA:68,0
DA:69,0
DA:71,0
DA:77,0
LF:24
LH:3
BRDA:30,0,0,0
BRDA:30,0,1,0
BRDA:30,1,0,0
BRDA:30,1,1,0
BRDA:62,2,0,0
BRDA:62,2,1,0
BRDA:67,3,0,0
BRDA:67,3,1,0
BRDA:77,4,0,0
BRDA:77,4,1,0
BRF:10
BRH:0
end_of_record
TN:
SF:src\services\auth.js
FN:6,(anonymous_0)
FN:10,(anonymous_1)
FN:14,(anonymous_2)
FN:17,(anonymous_3)
FNF:4
FNH:1
FNDA:0,(anonymous_0)
FNDA:0,(anonymous_1)
FNDA:4,(anonymous_2)
FNDA:0,(anonymous_3)
DA:3,2
DA:7,0
DA:11,0
DA:15,4
DA:18,0
LF:5
LH:2
BRF:0
BRH:0
end_of_record
TN:
SF:src\services\index.js
FN:10,(anonymous_0)
FN:18,(anonymous_1)
FN:24,(anonymous_2)
FN:32,(anonymous_3)
FN:35,(anonymous_4)
FN:38,(anonymous_5)
FNF:6
FNH:0
FNDA:0,(anonymous_0)
FNDA:0,(anonymous_1)
FNDA:0,(anonymous_2)
FNDA:0,(anonymous_3)
FNDA:0,(anonymous_4)
FNDA:0,(anonymous_5)
DA:5,2
DA:9,2
DA:11,0
DA:12,0
DA:13,0
DA:16,0
DA:19,0
DA:23,2
DA:25,0
DA:33,0
DA:36,0
DA:39,0
LF:12
LH:3
BRDA:12,0,0,0
BRDA:12,0,1,0
BRDA:24,1,0,0
BRF:3
BRH:0
end_of_record
TN:
SF:src\views\Login.vue
FN:28,data
FN:45,login
FNF:2
FNH:1
FNDA:1,data
FNDA:0,login
DA:15,1
DA:16,1
DA:17,1
DA:18,1
DA:19,1
DA:20,1
DA:21,1
DA:29,1
DA:45,0
DA:47,0
DA:48,0
DA:53,0
DA:55,0
DA:56,0
DA:57,0
DA:59,0
DA:62,0
DA:65,0
LF:18
LH:8
BRDA:45,0,0,0
BRDA:45,0,1,0
BRDA:45,0,2,0
BRDA:45,0,3,0
BRDA:45,0,4,0
BRDA:45,0,5,0
BRF:6
BRH:0
end_of_record
