TN:
SF:src\App.vue
FN:22,beforeMount
FNF:1
FNH:0
FNDA:0,beforeMount
DA:14,1
DA:15,1
DA:16,1
DA:23,0
LF:4
LH:3
BRF:0
BRH:0
end_of_record
TN:
SF:src\helpers.js
FN:1,(anonymous_0)
FN:6,(anonymous_1)
FN:7,(anonymous_2)
FN:49,(anonymous_3)
FNF:4
FNH:0
FNDA:0,(anonymous_0)
FNDA:0,(anonymous_1)
FNDA:0,(anonymous_2)
FNDA:0,(anonymous_3)
DA:1,4
DA:2,0
DA:3,0
DA:6,4
DA:7,4
DA:9,4
DA:16,4
DA:49,4
DA:50,0
DA:51,0
DA:52,0
LF:11
LH:6
BRDA:50,0,0,0
BRDA:50,0,1,0
BRDA:51,1,0,0
BRDA:51,1,1,0
BRF:4
BRH:0
end_of_record
TN:
SF:src\components\shared\Alert.vue
FN:11,mounted
FN:12,(anonymous_2)
FNF:2
FNH:0
FNDA:0,mounted
FNDA:0,(anonymous_2)
DA:11,0
DA:12,0
DA:13,0
LF:3
LH:0
BRF:0
BRH:0
end_of_record
TN:
SF:src\components\shared\Header.vue
FNF:0
FNH:0
DA:32,1
DA:34,1
LF:2
LH:2
BRF:0
BRH:0
end_of_record
TN:
SF:src\components\shared\Input.vue
FN:34,update
FN:41,validate
FN:50,data
FN:55,required
FN:56,min
FN:57,max
FN:58,email
FN:73,errors
FN:77,(anonymous_9)
FN:88,invalid
FNF:10
FNH:0
FNDA:0,update
FNDA:0,validate
FNDA:0,data
FNDA:0,required
FNDA:0,min
FNDA:0,max
FNDA:0,email
FNDA:0,errors
FNDA:0,(anonymous_9)
FNDA:0,invalid
DA:19,1
DA:21,1
DA:23,1
DA:35,0
DA:36,0
DA:39,0
DA:42,0
DA:43,0
DA:44,0
DA:45,0
DA:51,0
DA:55,0
DA:56,0
DA:57,0
DA:59,0
DA:60,0
DA:73,0
DA:74,0
DA:75,0
DA:77,0
DA:79,0
DA:80,0
DA:81,0
DA:83,0
DA:90,0
LF:25
LH:3
BRDA:35,0,0,0
BRDA:35,0,1,0
BRDA:42,1,0,0
BRDA:42,1,1,0
BRDA:42,2,0,0
BRDA:42,2,1,0
BRDA:74,3,0,0
BRDA:74,3,1,0
BRDA:74,4,0,0
BRDA:74,4,1,0
BRDA:79,5,0,0
BRDA:79,5,1,0
BRDA:90,6,0,0
BRDA:90,6,1,0
BRF:14
BRH:0
end_of_record
TN:
SF:src\services\auth.js
FN:6,(anonymous_0)
FN:10,(anonymous_1)
FN:14,(anonymous_2)
FN:17,(anonymous_3)
FNF:4
FNH:4
FNDA:6,(anonymous_0)
FNDA:6,(anonymous_1)
FNDA:6,(anonymous_2)
FNDA:6,(anonymous_3)
DA:3,2
DA:7,6
DA:11,6
DA:15,6
DA:18,6
LF:5
LH:5
BRF:0
BRH:0
end_of_record
TN:
SF:src\services\category.js
FN:6,(anonymous_0)
FN:9,(anonymous_1)
FN:12,(anonymous_2)
FN:16,(anonymous_3)
FN:19,(anonymous_4)
FN:22,(anonymous_5)
FNF:6
FNH:3
FNDA:6,(anonymous_0)
FNDA:6,(anonymous_1)
FNDA:0,(anonymous_2)
FNDA:6,(anonymous_3)
FNDA:0,(anonymous_4)
FNDA:0,(anonymous_5)
DA:2,1
DA:4,1
DA:7,6
DA:10,6
DA:13,0
DA:17,6
DA:20,0
DA:23,0
LF:8
LH:5
BRF:0
BRH:0
end_of_record
TN:
SF:src\services\index.js
FN:10,(anonymous_0)
FN:18,(anonymous_1)
FN:24,(anonymous_2)
FN:32,(anonymous_3)
FN:35,(anonymous_4)
FN:38,(anonymous_5)
FNF:6
FNH:0
FNDA:0,(anonymous_0)
FNDA:0,(anonymous_1)
FNDA:0,(anonymous_2)
FNDA:0,(anonymous_3)
FNDA:0,(anonymous_4)
FNDA:0,(anonymous_5)
DA:5,3
DA:9,3
DA:11,0
DA:12,0
DA:13,0
DA:16,0
DA:19,0
DA:23,3
DA:25,0
DA:33,0
DA:36,0
DA:39,0
LF:12
LH:3
BRDA:12,0,0,0
BRDA:12,0,1,0
BRDA:24,1,0,0
BRF:3
BRH:0
end_of_record
TN:
SF:src\views\Login.vue
FN:28,data
FN:45,login
FNF:2
FNH:1
FNDA:1,data
FNDA:0,login
DA:15,1
DA:16,1
DA:17,1
DA:18,1
DA:19,1
DA:20,1
DA:21,1
DA:29,1
DA:45,0
DA:47,0
DA:48,0
DA:53,0
DA:55,0
DA:56,0
DA:57,0
DA:59,0
DA:62,0
DA:63,0
DA:70,0
LF:19
LH:8
BRDA:45,0,0,0
BRDA:45,0,1,0
BRDA:45,0,2,0
BRDA:45,0,3,0
BRDA:45,0,4,0
BRDA:45,0,5,0
BRF:6
BRH:0
end_of_record
